[?1h=
                                                                                                         < M A T L A B (R) >
                                                                                               Copyright 1984-2018 The MathWorks, Inc.
                                                                                                R2018b (9.5.0.944444) 64-bit (glnxa64)
                                                                                                           August 28, 2018

 
For online documentation, see https://www.mathworks.com/support
For product information, visit www.mathworks.com.
 
[H[J
 ------------------------------------
 ---  Start of PvKF Assimilation  ---
 ------------------------------------
reading concentration filenames ...
reading varaince filenames ...
reading met-data filename ...
reading observation filenames ...
succesfully read all inputs filenames

chi_sq =

     0


obs_num =

     0


norm_chi =

   NaN

writing analysis ...
cleaning memory ...

chi_sq =

     0


obs_num =

     0


norm_chi =

   NaN

writing analysis ...
cleaning memory ...

chi_sq =

     0


obs_num =

     0


norm_chi =

   NaN

writing analysis ...
cleaning memory ...

p =

     1

Elapsed time is 5.596308 seconds.

p1 =

     1

Elapsed time is 0.033612 seconds.

ee =

     1


l =

     1


l =

     2


l =

     3


l =

     4


l =

     5


l =

     6


l =

     7


l =

     8


l =

     9


l =

    10


l =

    11


l =

    12


l =

    13


l =

    14


l =

    15


l =

    16


l =

    17


l =

    18


l =

    19


l =

    20


l =

    21


l =

    22


l =

    23


l =

    24


l =

    25


l =

    26


l =

    27


l =

    28


l =

    29


l =

    30


l =

    31


l =

    32


l =

    33


l =

    34


l =

    35


l =

    36


l =

    37


l =

    38


l =

    39


l =

    40


l =

    41


l =

    42


l =

    43


l =

    44

Elapsed time is 0.098862 seconds.

chi_sq =

   6.3352e-05


obs_num =

     1


norm_chi =

   6.3352e-05

writing analysis ...
cleaning memory ...

p =

    10

Elapsed time is 0.995477 seconds.

p1 =

    10

Elapsed time is 0.229780 seconds.

ee =

     1


l =

     1


l =

     2


l =

     3


l =

     4


l =

     5


l =

     6


l =

     7


l =

     8


l =

     9


l =

    10


l =

    11


l =

    12


l =

    13


l =

    14


l =

    15


l =

    16


l =

    17


l =

    18


l =

    19


l =

    20


l =

    21


l =

    22


l =

    23


l =

    24


l =

    25


l =

    26


l =

    27


l =

    28


l =

    29


l =

    30


l =

    31


l =

    32


l =

    33


l =

    34


l =

    35


l =

    36


l =

    37


l =

    38


l =

    39


l =

    40


l =

    41


l =

    42


l =

    43


l =

    44

Elapsed time is 0.385643 seconds.

chi_sq =

    1.4062


obs_num =

    10


norm_chi =

    0.1406

writing analysis ...
cleaning memory ...

p =

     2

Elapsed time is 0.151776 seconds.

p1 =

     2

Elapsed time is 0.057298 seconds.

ee =

     1


l =

     1


l =

     2


l =

     3


l =

     4


l =

     5


l =

     6


l =

     7


l =

     8


l =

     9


l =

    10


l =

    11


l =

    12


l =

    13


l =

    14


l =

    15


l =

    16


l =

    17


l =

    18


l =

    19


l =

    20


l =

    21


l =

    22


l =

    23


l =

    24


l =

    25


l =

    26


l =

    27


l =

    28


l =

    29


l =

    30


l =

    31


l =

    32


l =

    33


l =

    34


l =

    35


l =

    36


l =

    37


l =

    38


l =

    39


l =

    40


l =

    41


l =

    42


l =

    43


l =

    44

Elapsed time is 0.130991 seconds.

chi_sq =

   1.3678e-04


obs_num =

     2


norm_chi =

   6.8392e-05

writing analysis ...
cleaning memory ...

p =

    14

Elapsed time is 1.411938 seconds.

p1 =

    14

Elapsed time is 0.524426 seconds.

ee =

     1


l =

     1


l =

     2


l =

     3


l =

     4


l =

     5


l =

     6


l =

     7


l =

     8


l =

     9


l =

    10


l =

    11


l =

    12


l =

    13


l =

    14


l =

    15


l =

    16


l =

    17


l =

    18


l =

    19


l =

    20


l =

    21


l =

    22


l =

    23


l =

    24


l =

    25


l =

    26


l =

    27


l =

    28


l =

    29


l =

    30


l =

    31


l =

    32


l =

    33


l =

    34


l =

    35


l =

    36


l =

    37


l =

    38


l =

    39


l =

    40


l =

    41


l =

    42


l =

    43


l =

    44

Elapsed time is 0.496055 seconds.

chi_sq =

   54.7983


obs_num =

    14


norm_chi =

    3.9142

writing analysis ...
cleaning memory ...

chi_sq =

     0


obs_num =

     0


norm_chi =

   NaN

writing analysis ...
cleaning memory ...

p =

    31

Elapsed time is 3.165972 seconds.

p1 =

    31

Elapsed time is 0.811305 seconds.

ee =

     1


l =

     1


l =

     2


l =

     3


l =

     4


l =

     5


l =

     6


l =

     7


l =

     8


l =

     9


l =

    10


l =

    11


l =

    12


l =

    13


l =

    14


l =

    15


l =

    16


l =

    17


l =

    18


l =

    19


l =

    20


l =

    21


l =

    22


l =

    23


l =

    24


l =

    25


l =

    26


l =

    27


l =

    28


l =

    29


l =

    30


l =

    31


l =

    32


l =

    33


l =

    34


l =

    35


l =

    36


l =

    37


l =

    38


l =

    39


l =

    40


l =

    41


l =

    42


l =

    43


l =

    44

Elapsed time is 1.217145 seconds.

chi_sq =

   40.3960


obs_num =

    31


norm_chi =

    1.3031

writing analysis ...
cleaning memory ...

p =

    24

Elapsed time is 2.406020 seconds.

p1 =

    24

Elapsed time is 0.734256 seconds.

ee =

     1


l =

     1


l =

     2


l =

     3


l =

     4


l =

     5


l =

     6


l =

     7


l =

     8


l =

     9


l =

    10


l =

    11


l =

    12


l =

    13


l =

    14


l =

    15


l =

    16


l =

    17


l =

    18


l =

    19


l =

    20


l =

    21


l =

    22


l =

    23


l =

    24


l =

    25


l =

    26


l =

    27


l =

    28


l =

    29


l =

    30


l =

    31


l =

    32


l =

    33


l =

    34


l =

    35


l =

    36


l =

    37


l =

    38


l =

    39


l =

    40


l =

    41


l =

    42


l =

    43


l =

    44

Elapsed time is 0.887526 seconds.

chi_sq =

   26.5950


obs_num =

    24


norm_chi =

    1.1081

writing analysis ...
cleaning memory ...

chi_sq =

     0


obs_num =

     0


norm_chi =

   NaN

writing analysis ...
cleaning memory ...

p =

    12

Elapsed time is 1.127437 seconds.

p1 =

    12

Elapsed time is 0.247424 seconds.

ee =

     1


l =

     1


l =

     2


l =

     3


l =

     4


l =

     5


l =

     6


l =

     7


l =

     8


l =

     9


l =

    10


l =

    11


l =

    12


l =

    13


l =

    14


l =

    15


l =

    16


l =

    17


l =

    18


l =

    19


l =

    20


l =

    21


l =

    22


l =

    23


l =

    24


l =

    25


l =

    26


l =

    27


l =

    28


l =

    29


l =

    30


l =

    31


l =

    32


l =

    33


l =

    34


l =

    35


l =

    36


l =

    37


l =

    38


l =

    39


l =

    40


l =

    41


l =

    42


l =

    43


l =

    44

Elapsed time is 0.403148 seconds.

chi_sq =

    2.3471


obs_num =

    12


norm_chi =

    0.1956

writing analysis ...
cleaning memory ...

p =

     6

Elapsed time is 0.530740 seconds.

p1 =

     6

Elapsed time is 0.123011 seconds.

ee =

     1


l =

     1


l =

     2


l =

     3


l =

     4


l =

     5


l =

     6


l =

     7


l =

     8


l =

     9


l =

    10


l =

    11


l =

    12


l =

    13


l =

    14


l =

    15


l =

    16


l =

    17


l =

    18


l =

    19


l =

    20


l =

    21


l =

    22


l =

    23


l =

    24


l =

    25


l =

    26


l =

    27


l =

    28


l =

    29


l =

    30


l =

    31


l =

    32


l =

    33


l =

    34


l =

    35


l =

    36


l =

    37


l =

    38


l =

    39


l =

    40


l =

    41


l =

    42


l =

    43


l =

    44

Elapsed time is 0.256454 seconds.

chi_sq =

   11.1297


obs_num =

     6


norm_chi =

    1.8550

writing analysis ...
cleaning memory ...

p =

    30

Elapsed time is 3.042215 seconds.

p1 =

    30

Elapsed time is 0.735182 seconds.

ee =

     1


l =

     1


l =

     2


l =

     3


l =

     4


l =

     5


l =

     6


l =

     7


l =

     8


l =

     9


l =

    10


l =

    11


l =

    12


l =

    13


l =

    14


l =

    15


l =

    16


l =

    17


l =

    18


l =

    19


l =

    20


l =

    21


l =

    22


l =

    23


l =

    24


l =

    25


l =

    26


l =

    27


l =

    28


l =

    29


l =

    30


l =

    31


l =

    32


l =

    33


l =

    34


l =

    35


l =

    36


l =

    37


l =

    38


l =

    39


l =

    40


l =

    41


l =

    42


l =

    43


l =

    44

Elapsed time is 1.227492 seconds.

chi_sq =

   23.1794


obs_num =

    30


norm_chi =

    0.7726

writing analysis ...
cleaning memory ...

p =

     1

Elapsed time is 0.147938 seconds.

p1 =

     1

Elapsed time is 0.033673 seconds.

ee =

     1


l =

     1


l =

     2


l =

     3


l =

     4


l =

     5


l =

     6


l =

     7


l =

     8


l =

     9


l =

    10


l =

    11


l =

    12


l =

    13


l =

    14


l =

    15


l =

    16


l =

    17


l =

    18


l =

    19


l =

    20


l =

    21


l =

    22


l =

    23


l =

    24


l =

    25


l =

    26


l =

    27


l =

    28


l =

    29


l =

    30


l =

    31


l =

    32


l =

    33


l =

    34


l =

    35


l =

    36


l =

    37


l =

    38


l =

    39


l =

    40


l =

    41


l =

    42


l =

    43


l =

    44

Elapsed time is 0.091560 seconds.

chi_sq =

   5.4516e-06


obs_num =

     1


norm_chi =

   5.4516e-06

writing analysis ...
cleaning memory ...

chi_sq =

     0


obs_num =

     0


norm_chi =

   NaN

writing analysis ...
cleaning memory ...

chi_sq =

     0


obs_num =

     0


norm_chi =

   NaN

writing analysis ...
cleaning memory ...

p =

     8

Elapsed time is 0.829010 seconds.

p1 =

     8

Elapsed time is 0.178445 seconds.

ee =

     1


l =

     1


l =

     2


l =

     3


l =

     4


l =

     5


l =

     6


l =

     7


l =

     8


l =

     9


l =

    10


l =

    11


l =

    12


l =

    13


l =

    14


l =

    15


l =

    16


l =

    17


l =

    18


l =

    19


l =

    20


l =

    21


l =

    22


l =

    23


l =

    24


l =

    25


l =

    26


l =

    27


l =

    28


l =

    29


l =

    30


l =

    31


l =

    32


l =

    33


l =

    34


l =

    35


l =

    36


l =

    37


l =

    38


l =

    39


l =

    40


l =

    41


l =

    42


l =

    43


l =

    44

Elapsed time is 0.313645 seconds.

chi_sq =

    7.2426


obs_num =

     8


norm_chi =

    0.9053

writing analysis ...
cleaning memory ...

p =

     2

Elapsed time is 0.145877 seconds.

p1 =

     2

Elapsed time is 0.042432 seconds.

ee =

     1


l =

     1


l =

     2


l =

     3


l =

     4


l =

     5


l =

     6


l =

     7


l =

     8


l =

     9


l =

    10


l =

    11


l =

    12


l =

    13


l =

    14


l =

    15


l =

    16


l =

    17


l =

    18


l =

    19


l =

    20


l =

    21


l =

    22


l =

    23


l =

    24


l =

    25


l =

    26


l =

    27


l =

    28


l =

    29


l =

    30


l =

    31


l =

    32


l =

    33


l =

    34


l =

    35


l =

    36


l =

    37


l =

    38


l =

    39


l =

    40


l =

    41


l =

    42


l =

    43


l =

    44

Elapsed time is 0.132230 seconds.

chi_sq =

    0.0262


obs_num =

     2


norm_chi =

    0.0131

writing analysis ...
cleaning memory ...

p =

     4

Elapsed time is 0.319861 seconds.

p1 =

     4

Elapsed time is 0.082787 seconds.

ee =

     1


l =

     1


l =

     2


l =

     3


l =

     4


l =

     5


l =

     6


l =

     7


l =

     8


l =

     9


l =

    10


l =

    11


l =

    12


l =

    13


l =

    14


l =

    15


l =

    16


l =

    17


l =

    18


l =

    19


l =

    20


l =

    21


l =

    22


l =

    23


l =

    24


l =

    25


l =

    26


l =

    27


l =

    28


l =

    29


l =

    30


l =

    31


l =

    32


l =

    33


l =

    34


l =

    35


l =

    36


l =

    37


l =

    38


l =

    39


l =

    40


l =

    41


l =

    42


l =

    43


l =

    44

Elapsed time is 0.199757 seconds.

chi_sq =

    0.7442


obs_num =

     4


norm_chi =

    0.1860

writing analysis ...
cleaning memory ...

chi_sq =

     0


obs_num =

     0


norm_chi =

   NaN

writing analysis ...
